24-11-20 11:37:33  warn: {
  "action": "approval_failed",
  "userId": "673c7866e697f4e7f20347c8",
  "PONumber": "4500000000",
  "reason": "Level mismatch",
  "timestamp": "2024-11-20T06:07:33.279Z"
}
24-11-20 11:38:57  warn: {
  "action": "approval_failed",
  "userId": "673c7866e697f4e7f20347c8",
  "PONumber": "4500000000",
  "reason": "Level mismatch",
  "timestamp": "2024-11-20T06:08:57.011Z"
}
24-11-20 11:42:43  warn: {
  "action": "approval_failed",
  "userId": "673c7866e697f4e7f20347c8",
  "PONumber": "4500000000",
  "reason": "Level mismatch",
  "timestamp": "2024-11-20T06:12:43.217Z"
}
24-11-20 11:56:12  warn: {
  "action": "approval_failed",
  "userId": "673c5849e697f4e7f20347b7",
  "PONumber": "4500000000",
  "reason": "Level mismatch",
  "timestamp": "2024-11-20T06:26:12.103Z"
}
24-11-20 11:56:45  warn: {
  "action": "approval_failed",
  "userId": "673c5849e697f4e7f20347b6",
  "PONumber": "4500000000",
  "reason": "Level mismatch",
  "timestamp": "2024-11-20T06:26:45.777Z"
}
24-11-20 11:58:57  warn: {
  "action": "approval_failed",
  "userId": "673c5849e697f4e7f20347b6",
  "PONumber": "4500000000",
  "reason": "Level mismatch",
  "timestamp": "2024-11-20T06:28:57.357Z"
}
24-11-20 12:00:02  warn: {
  "action": "approval_failed",
  "userId": "673c5849e697f4e7f20347b6",
  "PONumber": "4500000000",
  "reason": "Level mismatch",
  "timestamp": "2024-11-20T06:30:02.922Z"
}
24-11-20 12:05:11  warn: {
  "action": "approval_failed",
  "userId": "673c5849e697f4e7f20347b6",
  "PONumber": "4500000000",
  "reason": "Level mismatch",
  "timestamp": "2024-11-20T06:35:11.331Z"
}
24-11-20 12:09:15  warn: {
  "action": "rejection_failed",
  "userId": "673c5849e697f4e7f20347b7",
  "PONumber": "4500000001",
  "reason": "Level mismatch",
  "timestamp": "2024-11-20T06:39:15.426Z"
}
24-11-20 12:12:04  warn: {
  "action": "rejection_failed",
  "userId": "673c5849e697f4e7f20347b7",
  "PONumber": "4500000001",
  "reason": "Level mismatch",
  "timestamp": "2024-11-20T06:42:04.766Z"
}
24-11-20 17:36:47  warn: {
  "action": "rejection_failed",
  "userId": "673dc881dbf5effd450e1f40",
  "PONumber": "4500000001",
  "reason": "Level mismatch",
  "timestamp": "2024-11-20T12:06:47.508Z"
}
24-11-20 17:36:53  warn: {
  "action": "approval_failed",
  "userId": "673dc881dbf5effd450e1f40",
  "PONumber": "4500000001",
  "reason": "Level mismatch",
  "timestamp": "2024-11-20T12:06:53.168Z"
}
24-11-20 18:49:03  warn: {
  "action": "approval_failed",
  "userId": "673c5849e697f4e7f20347b6",
  "PONumber": "4500000000",
  "reason": "Level mismatch",
  "timestamp": "2024-11-20T13:19:03.626Z"
}
24-11-20 18:53:02  warn: {
  "action": "rejection_failed",
  "userId": "673c5849e697f4e7f20347b6",
  "PONumber": "4500000001",
  "reason": "Level mismatch",
  "timestamp": "2024-11-20T13:23:02.529Z"
}
24-11-20 18:54:17  warn: {
  "action": "rejection_failed",
  "userId": "673c5849e697f4e7f20347b6",
  "PONumber": "4500000001",
  "reason": "Level mismatch",
  "timestamp": "2024-11-20T13:24:17.463Z"
}
24-11-20 19:06:11  warn: {
  "action": "rejection_failed",
  "userId": "673dc881dbf5effd450e1f40",
  "PONumber": "4500000000",
  "reason": "Level mismatch",
  "timestamp": "2024-11-20T13:36:11.468Z"
}
24-11-21 17:04:56  warn: {
  "action": "approval_failed",
  "userId": "673dc881dbf5effd450e1f40",
  "PONumber": "4500000001",
  "reason": "Level mismatch",
  "timestamp": "2024-11-21T11:34:56.042Z"
}
24-11-21 17:30:33  warn: {
  "action": "approval_failed",
  "userId": "673dc881dbf5effd450e1f40",
  "PONumber": "4500000000",
  "reason": "Level mismatch",
  "timestamp": "2024-11-21T12:00:33.537Z"
}
24-11-21 17:54:52  warn: {
  "action": "approval_failed",
  "userId": "673dc881dbf5effd450e1f40",
  "PONumber": "4500000001",
  "reason": "Level mismatch",
  "timestamp": "2024-11-21T12:24:52.908Z"
}
24-11-21 17:56:56  warn: {
  "action": "approval_failed",
  "userId": "673c5849e697f4e7f20347b6",
  "PONumber": "4500000001",
  "reason": "Level mismatch",
  "timestamp": "2024-11-21T12:26:56.755Z"
}
24-11-22 18:59:13  warn: {
  "action": "approval_failed",
  "userId": "673dc881dbf5effd450e1f40",
  "PONumber": "4500000000",
  "reason": "Level mismatch",
  "timestamp": "2024-11-22T13:29:13.673Z"
}
24-11-23 09:54:09  warn: {
  "action": "approval_failed",
  "userId": "673dc881dbf5effd450e1f40",
  "PONumber": "4500000000",
  "reason": "Level mismatch",
  "timestamp": "2024-11-23T04:24:09.667Z"
}
24-11-23 09:54:18  warn: {
  "action": "rejection_failed",
  "userId": "673dc881dbf5effd450e1f40",
  "PONumber": "4500000005",
  "reason": "Level mismatch",
  "timestamp": "2024-11-23T04:24:18.215Z"
}
24-11-23 10:00:58  warn: {
  "action": "approval_failed",
  "userId": "673dc881dbf5effd450e1f40",
  "PONumber": "4500000002",
  "reason": "Level mismatch",
  "timestamp": "2024-11-23T04:30:58.564Z"
}
24-11-23 13:00:12  warn: {
  "action": "approval_failed",
  "userId": "673dc881dbf5effd450e1f40",
  "PONumber": "4500000002",
  "reason": "Level mismatch",
  "timestamp": "2024-11-23T07:30:12.205Z"
}
24-11-25 11:58:51  warn: {
  "action": "rejection_failed",
  "userId": "673c5849e697f4e7f20347b6",
  "PONumber": "4500000001",
  "reason": "Level mismatch",
  "timestamp": "2024-11-25T06:28:51.884Z"
}
24-11-25 12:15:04  warn: {
  "action": "rejection_failed",
  "userId": "673c5849e697f4e7f20347b7",
  "PONumber": "4500000000",
  "reason": "Level mismatch",
  "timestamp": "2024-11-25T06:45:04.707Z"
}
24-11-25 14:44:53  warn: {
  "action": "rejection_failed",
  "userId": "673c5849e697f4e7f20347b6",
  "PONumber": "4500000000",
  "reason": "Level mismatch",
  "timestamp": "2024-11-25T09:14:53.081Z"
}
24-11-25 14:44:58  warn: {
  "action": "rejection_failed",
  "userId": "673c5849e697f4e7f20347b6",
  "PONumber": "4500000001",
  "reason": "Level mismatch",
  "timestamp": "2024-11-25T09:14:58.979Z"
}
24-11-25 14:45:16  warn: {
  "action": "rejection_failed",
  "userId": "673c5849e697f4e7f20347b6",
  "PONumber": "4500000000",
  "reason": "Level mismatch",
  "timestamp": "2024-11-25T09:15:16.505Z"
}
24-11-25 14:45:25  warn: {
  "action": "rejection_failed",
  "userId": "673c5849e697f4e7f20347b6",
  "PONumber": "4500000000",
  "reason": "Level mismatch",
  "timestamp": "2024-11-25T09:15:25.564Z"
}
