24-11-20 18:31:30  error: {
  "action": "approval_error",
  "userId": "673dc881dbf5effd450e1f40",
  "PONumber": "4500000000",
  "error": "User is not defined",
  "timestamp": "2024-11-20T13:01:30.399Z"
}
24-11-20 18:32:38  error: {
  "action": "approval_error",
  "userId": "673dc881dbf5effd450e1f40",
  "PONumber": "4500000000",
  "error": "User is not defined",
  "timestamp": "2024-11-20T13:02:38.077Z"
}
24-11-20 18:33:23  error: {
  "action": "approval_error",
  "userId": "673dc881dbf5effd450e1f40",
  "PONumber": "4500000000",
  "error": "User is not defined",
  "timestamp": "2024-11-20T13:03:23.561Z"
}
24-11-20 18:33:54  error: {
  "action": "approval_error",
  "userId": "673dc881dbf5effd450e1f40",
  "PONumber": "4500000000",
  "error": "User is not defined",
  "timestamp": "2024-11-20T13:03:54.361Z"
}
24-11-20 18:34:56  error: {
  "action": "approval_error",
  "userId": "673dc881dbf5effd450e1f40",
  "PONumber": "4500000000",
  "error": "User is not defined",
  "timestamp": "2024-11-20T13:04:56.633Z"
}
24-11-20 18:35:28  error: {
  "action": "approval_error",
  "userId": "673dc881dbf5effd450e1f40",
  "PONumber": "4500000000",
  "error": "User is not defined",
  "timestamp": "2024-11-20T13:05:28.370Z"
}
24-11-20 18:40:46  error: {
  "action": "approval_error",
  "userId": "673dc881dbf5effd450e1f40",
  "PONumber": "4500000000",
  "error": "User is not defined",
  "timestamp": "2024-11-20T13:10:46.708Z"
}
24-11-20 18:42:18  error: {
  "action": "approval_error",
  "userId": "673dc881dbf5effd450e1f40",
  "PONumber": "4500000000",
  "error": "a group specification must include an _id",
  "timestamp": "2024-11-20T13:12:18.175Z"
}
24-11-21 17:25:47  error: {
  "action": "approval_error",
  "userId": "673dc881dbf5effd450e1f40",
  "PONumber": "4500000000",
  "error": "ActivityLog validation failed: PONumber: Path `PONumber` is required.",
  "timestamp": "2024-11-21T11:55:47.771Z"
}
24-11-21 17:27:43  error: {
  "action": "approval_error",
  "userId": "673dc881dbf5effd450e1f40",
  "PONumber": "4500000000",
  "error": "ActivityLog validation failed: PONumber: Path `PONumber` is required.",
  "timestamp": "2024-11-21T11:57:43.088Z"
}
24-11-22 19:00:39  error: {
  "action": "approval_error",
  "userId": "673dc881dbf5effd450e1f40",
  "PONumber": "4500000000",
  "error": "maxLevel is not defined",
  "timestamp": "2024-11-22T13:30:39.816Z"
}
24-11-25 12:27:58  error: {
  "action": "approval_error",
  "createdBy": "673c5849e697f4e7f20347b6",
  "PONumber": "4500000000",
  "error": "Cannot access 'poitems' before initialization",
  "timestamp": "2024-11-25T06:57:58.538Z"
}
24-11-25 12:29:53  error: {
  "action": "approval_error",
  "createdBy": "673dc881dbf5effd450e1f40",
  "PONumber": "4500000001",
  "error": "Cannot access 'poitems' before initialization",
  "timestamp": "2024-11-25T06:59:53.561Z"
}
24-11-25 12:39:27  error: {
  "action": "rejection_error",
  "userId": "673c5849e697f4e7f20347b6",
  "PONumber": "4500000000",
  "error": "updatedApproval is not defined",
  "timestamp": "2024-11-25T07:09:27.292Z"
}
24-11-25 15:07:03  error: {
  "action": "approve_error",
  "createdBy": "673dc881dbf5effd450e1f40",
  "PONumber": "4500000002",
  "error": "ActivityLog validation failed: action: `approve` is not a valid enum value for path `action`.",
  "timestamp": "2024-11-25T09:37:03.659Z"
}
24-11-25 15:08:10  error: {
  "action": "approve_error",
  "createdBy": "673dc881dbf5effd450e1f40",
  "PONumber": "4500000003",
  "error": "ActivityLog validation failed: action: `approve` is not a valid enum value for path `action`.",
  "timestamp": "2024-11-25T09:38:10.146Z"
}
24-11-25 15:14:22  error: {
  "action": "approve_error",
  "createdBy": "673dc881dbf5effd450e1f40",
  "PONumber": "4500000004",
  "error": "ActivityLog validation failed: action: `approve` is not a valid enum value for path `action`.",
  "timestamp": "2024-11-25T09:44:22.753Z"
}
24-11-25 15:18:53  error: {
  "action": "approve_error",
  "createdBy": "673dc881dbf5effd450e1f40",
  "PONumber": "4500000005",
  "error": "ActivityLog validation failed: action: `approve` is not a valid enum value for path `action`.",
  "timestamp": "2024-11-25T09:48:53.812Z"
}
24-11-25 15:22:34  error: {
  "action": "approve_error",
  "createdBy": "673dc881dbf5effd450e1f40",
  "PONumber": "4500000006",
  "error": "ActivityLog validation failed: action: `approve` is not a valid enum value for path `action`.",
  "timestamp": "2024-11-25T09:52:34.457Z"
}
24-11-25 15:23:30  error: {
  "action": "approve_error",
  "createdBy": "673dc881dbf5effd450e1f40",
  "PONumber": "4500000007",
  "error": "ActivityLog validation failed: action: `approve` is not a valid enum value for path `action`.",
  "timestamp": "2024-11-25T09:53:30.647Z"
}
24-11-25 15:24:47  error: {
  "action": "approve_error",
  "createdBy": "673dc881dbf5effd450e1f40",
  "PONumber": "4500000008",
  "error": "ActivityLog validation failed: action: `approve` is not a valid enum value for path `action`.",
  "timestamp": "2024-11-25T09:54:47.670Z"
}
24-11-25 15:25:21  error: {
  "action": "approve_error",
  "createdBy": "673dc881dbf5effd450e1f40",
  "PONumber": "4500000009",
  "error": "ActivityLog validation failed: action: `approve` is not a valid enum value for path `action`.",
  "timestamp": "2024-11-25T09:55:21.596Z"
}
24-11-25 15:28:55  error: {
  "action": "approve_error",
  "createdBy": "673dc881dbf5effd450e1f40",
  "PONumber": "4500000000",
  "error": "status is not defined",
  "timestamp": "2024-11-25T09:58:55.988Z"
}
