24-11-20 12:04:17  info: {
  "action": "approved",
  "userId": "673c5849e697f4e7f20347b6",
  "PONumber": "4500000000",
  "timestamp": "2024-11-20T06:34:17.310Z"
}
24-11-20 12:09:44  info: {
  "action": "approved",
  "userId": "673c5849e697f4e7f20347b7",
  "PONumber": "4500000000",
  "timestamp": "2024-11-20T06:39:44.721Z"
}
24-11-20 12:11:19  info: {
  "action": "approved",
  "userId": "673c5849e697f4e7f20347b6",
  "PONumber": "4500000001",
  "timestamp": "2024-11-20T06:41:19.135Z"
}
24-11-20 12:11:57  info: {
  "action": "rejected",
  "userId": "673c5849e697f4e7f20347b7",
  "PONumber": "4500000001",
  "timestamp": "2024-11-20T06:41:57.058Z"
}
24-11-20 12:12:52  info: {
  "action": "rejected",
  "userId": "673c5849e697f4e7f20347b6",
  "PONumber": "4500000001",
  "timestamp": "2024-11-20T06:42:52.988Z"
}
24-11-20 18:41:28  info: {
  "action": "approved",
  "userId": "673dc881dbf5effd450e1f40",
  "PONumber": "4500000000",
  "timestamp": "2024-11-20T13:11:28.501Z"
}
24-11-20 18:42:45  info: {
  "action": "approved",
  "userId": "673dc881dbf5effd450e1f40",
  "PONumber": "4500000000",
  "timestamp": "2024-11-20T13:12:45.486Z"
}
24-11-20 18:48:49  info: {
  "action": "approved",
  "userId": "673c5849e697f4e7f20347b6",
  "PONumber": "4500000000",
  "timestamp": "2024-11-20T13:18:49.079Z"
}
24-11-20 18:51:21  info: {
  "action": "approved",
  "userId": "673c5849e697f4e7f20347b6",
  "PONumber": "4500000000",
  "timestamp": "2024-11-20T13:21:21.638Z"
}
24-11-20 18:53:12  info: {
  "action": "rejected",
  "userId": "673c5849e697f4e7f20347b6",
  "PONumber": "4500000000",
  "timestamp": "2024-11-20T13:23:12.340Z"
}
24-11-20 18:54:22  info: {
  "action": "rejected",
  "userId": "673c5849e697f4e7f20347b6",
  "PONumber": "4500000000",
  "timestamp": "2024-11-20T13:24:22.415Z"
}
24-11-21 11:58:31  info: {
  "action": "approved",
  "userId": "673dc881dbf5effd450e1f40",
  "PONumber": "4500000001",
  "timestamp": "2024-11-21T06:28:31.495Z"
}
24-11-21 12:00:53  info: {
  "action": "rejected",
  "userId": "673dc881dbf5effd450e1f40",
  "PONumber": "4500000001",
  "timestamp": "2024-11-21T06:30:53.825Z"
}
24-11-21 12:09:05  info: {
  "action": "rejected",
  "userId": "673dc881dbf5effd450e1f40",
  "PONumber": "4500000001",
  "timestamp": "2024-11-21T06:39:05.060Z"
}
24-11-21 12:39:58  info: {
  "action": "approved",
  "userId": "673dc881dbf5effd450e1f40",
  "PONumber": "4500000001",
  "timestamp": "2024-11-21T07:09:58.705Z"
}
24-11-21 15:29:39  info: {
  "action": "approved",
  "userId": "673dc881dbf5effd450e1f40",
  "PONumber": "4500000000",
  "timestamp": "2024-11-21T09:59:39.579Z"
}
